<?xml version="1.0" encoding="UTF-8"?>
<testsuite xmlns:xsi="http://www.w3.org/2001/XMLSchema-instance" xsi:noNamespaceSchemaLocation="https://maven.apache.org/surefire/maven-surefire-plugin/xsd/surefire-test-report.xsd" name="TestSuite" time="14.298" tests="12" errors="0" skipped="0" failures="6">
  <properties>
[...]
</properties>
  <testcase name="orderTest" classname="io.swagger.petstore.OrderTest" time="4.86"/>
  <testcase name="addPetWithInvalidData" classname="io.swagger.petstore.PetStoreTest" time="0.44">
    <failure message="The following asserts failed:&#10;	StatusCode isn&apos;t equals expected [200] but found [500]" type="java.lang.AssertionError">java.lang.AssertionError: 
The following asserts failed:
	StatusCode isn't equals expected [200] but found [500]
	at io.swagger.petstore.PetStoreTest.addPetWithInvalidData(PetStoreTest.java:62)
</failure>
  </testcase>
  <testcase name="deleteNotPresentPet" classname="io.swagger.petstore.PetStoreTest" time="0.396"/>
  <testcase name="getInvalidPet" classname="io.swagger.petstore.PetStoreTest" time="0.291"/>
  <testcase name="getPetByStatus" classname="io.swagger.petstore.PetStoreTest" time="0.613"/>
  <testcase name="petTest" classname="io.swagger.petstore.PetStoreTest" time="1.912"/>
  <testcase name="uploadImage" classname="io.swagger.petstore.PetStoreTest" time="0.648"/>
  <testcase name="TestLoginAndLogoutUser" classname="io.swagger.petstore.UserTest" time="0.763">
    <failure message="No content to map due to end-of-input&#10; at [Source: (String)&quot;&quot;; line: 1, column: 0]" type="com.fasterxml.jackson.databind.exc.MismatchedInputException">com.fasterxml.jackson.databind.exc.MismatchedInputException: 
No content to map due to end-of-input
 at [Source: (String)""; line: 1, column: 0]
	at io.swagger.petstore.UserTest.TestLoginAndLogoutUser(UserTest.java:41)
</failure>
  </testcase>
  <testcase name="UpdateUserTest" classname="io.swagger.petstore.UserTest" time="0.278">
    <failure message="No content to map due to end-of-input&#10; at [Source: (String)&quot;&quot;; line: 1, column: 0]" type="com.fasterxml.jackson.databind.exc.MismatchedInputException">com.fasterxml.jackson.databind.exc.MismatchedInputException: 
No content to map due to end-of-input
 at [Source: (String)""; line: 1, column: 0]
	at io.swagger.petstore.UserTest.UpdateUserTest(UserTest.java:50)
</failure>
  </testcase>
  <testcase name="addArrayOfUserTest" classname="io.swagger.petstore.UserTest" time="0.383">
    <failure message="No content to map due to end-of-input&#10; at [Source: (String)&quot;&quot;; line: 1, column: 0]" type="com.fasterxml.jackson.databind.exc.MismatchedInputException">com.fasterxml.jackson.databind.exc.MismatchedInputException: 
No content to map due to end-of-input
 at [Source: (String)""; line: 1, column: 0]
	at io.swagger.petstore.UserTest.addArrayOfUserTest(UserTest.java:31)
</failure>
  </testcase>
  <testcase name="addListOfUserstest" classname="io.swagger.petstore.UserTest" time="0.393">
    <failure message="No content to map due to end-of-input&#10; at [Source: (String)&quot;&quot;; line: 1, column: 0]" type="com.fasterxml.jackson.databind.exc.MismatchedInputException">com.fasterxml.jackson.databind.exc.MismatchedInputException: 
No content to map due to end-of-input
 at [Source: (String)""; line: 1, column: 0]
	at io.swagger.petstore.UserTest.addListOfUserstest(UserTest.java:36)
</failure>
  </testcase>
  <testcase name="firstTest" classname="io.swagger.petstore.UserTest" time="0.282">
    <failure message="No content to map due to end-of-input&#10; at [Source: (String)&quot;&quot;; line: 1, column: 0]" type="com.fasterxml.jackson.databind.exc.MismatchedInputException">com.fasterxml.jackson.databind.exc.MismatchedInputException: 
No content to map due to end-of-input
 at [Source: (String)""; line: 1, column: 0]
	at io.swagger.petstore.UserTest.firstTest(UserTest.java:25)
</failure>
  </testcase>
</testsuite>